<?xml version="1.0" encoding="UTF-8"?>
<testsuite name="com.restful.booker.testsuite.BookingCURDTestWithSteps" time="11.48" tests="7" errors="4" skipped="0" failures="0">
  <properties>
[...]
</properties>
  <testcase name="test001" classname="com.restful.booker.testsuite.BookingCURDTestWithSteps" time="9.066"/>
  <testcase name="test002" classname="com.restful.booker.testsuite.BookingCURDTestWithSteps" time="0.644"/>
  <testcase name="test003" classname="com.restful.booker.testsuite.BookingCURDTestWithSteps" time="0.61">
    <error type="java.lang.NullPointerException:">java.lang.NullPointerException: null
	at com.restful.booker.testsuite.BookingCURDTestWithSteps.test003(BookingCURDTestWithSteps.java:75)
</error>
    <system-out><![CDATA[Request method:	PUT
Request URI:	https://restful-booker.herokuapp.com/booking/5800
Proxy:			<none>
Request params:	<none>
Query params:	<none>
Form params:	<none>
Path params:	id=5800
Multiparts:		<none>
Headers:		Accept=application/json
				Cookie=token=null
				Connection=keep-alive
				Content-Type=application/json; charset=UTF-8
Cookies:		<none>
Body:
{
    "firstname": "Raja_updated",
    "lastname": "Ram",
    "totalprice": 288,
    "depositpaid": true,
    "bookingdates": {
        "checkin": "2023-01-01",
        "checkout": "2024-01-01"
    },
    "additionalneeds": "Breakfast"
}
]]></system-out>
    <system-err><![CDATA[10773 [main] INFO net.serenitybdd.core.Serenity - 
        __    _____ _____ ____ _____   ____   _    ____  ____  _____ ____  
  _     \ \  |_   _| ____/ ___|_   _| |  _ \ / \  / ___|/ ___|| ____|  _ \ 
 (_)_____| |   | | |  _| \___ \ | |   | |_) / _ \ \___ \\___ \|  _| | | | |
  _|_____| |   | | | |___ ___) || |   |  __/ ___ \ ___) |___) | |___| |_| |
 (_)     | |   |_| |_____|____/ |_|   |_| /_/   \_\____/|____/|_____|____/ 
        /_/                                                                

TEST PASSED: Verify if the user was added to the application
----------------------------------------------------------------------------
10775 [main] INFO net.serenitybdd.core.Serenity - 
 _____ _____ ____ _____   ____ _____  _    ____ _____ _____ ____  
|_   _| ____/ ___|_   _| / ___|_   _|/ \  |  _ \_   _| ____|  _ \ 
  | | |  _| \___ \ | |   \___ \ | | / _ \ | |_) || | |  _| | | | |
  | | | |___ ___) || |    ___) || |/ ___ \|  _ < | | | |___| |_| |
  |_| |_____|____/ |_|   |____/ |_/_/   \_\_| \_\|_| |_____|____/ 
                                                                  

TEST STARTED: test003
-------------------------------------------------------------------
10775 [main] INFO net.serenitybdd.core.Serenity - TEST NUMBER: 3
]]></system-err>
  </testcase>
  <testcase name="test004" classname="com.restful.booker.testsuite.BookingCURDTestWithSteps" time="0.001">
    <error type="java.lang.NullPointerException:">java.lang.NullPointerException: null
	at com.restful.booker.testsuite.BookingCURDTestWithSteps.test004(BookingCURDTestWithSteps.java:89)
</error>
    <system-err><![CDATA[11393 [main] ERROR net.serenitybdd.core.Serenity - 
           __  _____ _____ ____ _____   _____ _    ___ _     _____ ____  
  _       / / |_   _| ____/ ___|_   _| |  ___/ \  |_ _| |   | ____|  _ \ 
 (_)_____| |    | | |  _| \___ \ | |   | |_ / _ \  | || |   |  _| | | | |
  _|_____| |    | | | |___ ___) || |   |  _/ ___ \ | || |___| |___| |_| |
 (_)     | |    |_| |_____|____/ |_|   |_|/_/   \_\___|_____|_____|____/ 
          \_\                                                            

TEST FAILED WITH ERROR: This will update a booking
---------------------------------------------------------------------
11635 [main] ERROR net.serenitybdd.core.Serenity - TEST FAILED AT STEP Update the user information and verify the updated information
11635 [main] ERROR net.serenitybdd.core.Serenity - 1 expectation failed.Expected status code <200> but was <403>.
11638 [main] INFO net.serenitybdd.core.Serenity - 
 _____ _____ ____ _____   ____ _____  _    ____ _____ _____ ____  
|_   _| ____/ ___|_   _| / ___|_   _|/ \  |  _ \_   _| ____|  _ \ 
  | | |  _| \___ \ | |   \___ \ | | / _ \ | |_) || | |  _| | | | |
  | | | |___ ___) || |    ___) || |/ ___ \|  _ < | | | |___| |_| |
  |_| |_____|____/ |_|   |____/ |_/_/   \_\_| \_\|_| |_____|____/ 
                                                                  

TEST STARTED: test004
-------------------------------------------------------------------
11638 [main] INFO net.serenitybdd.core.Serenity - TEST NUMBER: 4
]]></system-err>
  </testcase>
  <testcase name="test005" classname="com.restful.booker.testsuite.BookingCURDTestWithSteps" time="0.001">
    <error type="java.lang.NullPointerException:">java.lang.NullPointerException: null
	at com.restful.booker.testsuite.BookingCURDTestWithSteps.test005(BookingCURDTestWithSteps.java:98)
</error>
    <system-err><![CDATA[11648 [main] ERROR net.serenitybdd.core.Serenity - 
           __  _____ _____ ____ _____   _____ _    ___ _     _____ ____  
  _       / / |_   _| ____/ ___|_   _| |  ___/ \  |_ _| |   | ____|  _ \ 
 (_)_____| |    | | |  _| \___ \ | |   | |_ / _ \  | || |   |  _| | | | |
  _|_____| |    | | | |___ ___) || |   |  _/ ___ \ | || |___| |___| |_| |
 (_)     | |    |_| |_____|____/ |_|   |_|/_/   \_\___|_____|_____|____/ 
          \_\                                                            

TEST FAILED WITH ERROR: This will update a partial booking 
---------------------------------------------------------------------
11649 [main] ERROR net.serenitybdd.core.Serenity - 
11651 [main] INFO net.serenitybdd.core.Serenity - 
 _____ _____ ____ _____   ____ _____  _    ____ _____ _____ ____  
|_   _| ____/ ___|_   _| / ___|_   _|/ \  |  _ \_   _| ____|  _ \ 
  | | |  _| \___ \ | |   \___ \ | | / _ \ | |_) || | |  _| | | | |
  | | | |___ ___) || |    ___) || |/ ___ \|  _ < | | | |___| |_| |
  |_| |_____|____/ |_|   |____/ |_/_/   \_\_| \_\|_| |_____|____/ 
                                                                  

TEST STARTED: test005
-------------------------------------------------------------------
11652 [main] INFO net.serenitybdd.core.Serenity - TEST NUMBER: 5
]]></system-err>
  </testcase>
  <testcase name="test006" classname="com.restful.booker.testsuite.BookingCURDTestWithSteps" time="0.549">
    <error type="java.lang.NullPointerException:">java.lang.NullPointerException: null
	at com.restful.booker.testsuite.BookingCURDTestWithSteps.test006(BookingCURDTestWithSteps.java:105)
</error>
    <system-out><![CDATA[Request method:	DELETE
Request URI:	https://restful-booker.herokuapp.com/booking/5800
Proxy:			<none>
Request params:	<none>
Query params:	<none>
Form params:	<none>
Path params:	id=5800
Multiparts:		<none>
Headers:		Accept=application/json
				Cookie=token=null
				Connection=keep-alive
				Content-Type=application/json; charset=UTF-8
Cookies:		<none>
Body:			<none>
]]></system-out>
    <system-err><![CDATA[11659 [main] ERROR net.serenitybdd.core.Serenity - 
           __  _____ _____ ____ _____   _____ _    ___ _     _____ ____  
  _       / / |_   _| ____/ ___|_   _| |  ___/ \  |_ _| |   | ____|  _ \ 
 (_)_____| |    | | |  _| \___ \ | |   | |_ / _ \  | || |   |  _| | | | |
  _|_____| |    | | | |___ ___) || |   |  _/ ___ \ | || |___| |___| |_| |
 (_)     | |    |_| |_____|____/ |_|   |_|/_/   \_\___|_____|_____|____/ 
          \_\                                                            

TEST FAILED WITH ERROR: Verify if the booking  was updated partially
---------------------------------------------------------------------
11660 [main] ERROR net.serenitybdd.core.Serenity - 
11664 [main] INFO net.serenitybdd.core.Serenity - 
 _____ _____ ____ _____   ____ _____  _    ____ _____ _____ ____  
|_   _| ____/ ___|_   _| / ___|_   _|/ \  |  _ \_   _| ____|  _ \ 
  | | |  _| \___ \ | |   \___ \ | | / _ \ | |_) || | |  _| | | | |
  | | | |___ ___) || |    ___) || |/ ___ \|  _ < | | | |___| |_| |
  |_| |_____|____/ |_|   |____/ |_/_/   \_\_| \_\|_| |_____|____/ 
                                                                  

TEST STARTED: test006
-------------------------------------------------------------------
11664 [main] INFO net.serenitybdd.core.Serenity - TEST NUMBER: 6
]]></system-err>
  </testcase>
  <testcase name="test011" classname="com.restful.booker.testsuite.BookingCURDTestWithSteps" time="0.609"/>
</testsuite>