<?xml version="1.0" encoding="UTF-8"?><testsuite errors="0" failures="0" name="com.restful.booker.testsuite.BookingCURDTestWithSteps" skipped="0" tests="7" time="10.45" timestamp="2023-01-04T22:46:49.249Z[Europe/London]"><testcase classname="com.restful.booker.testsuite.BookingCURDTestWithSteps" name="create token"/><testcase classname="com.restful.booker.testsuite.BookingCURDTestWithSteps" name="This will create a booking"/><testcase classname="com.restful.booker.testsuite.BookingCURDTestWithSteps" name="Verify if the user was added to the application"/><testcase classname="com.restful.booker.testsuite.BookingCURDTestWithSteps" name="This will update a booking"/><testcase classname="com.restful.booker.testsuite.BookingCURDTestWithSteps" name="This will update a partial booking "/><testcase classname="com.restful.booker.testsuite.BookingCURDTestWithSteps" name="Verify if the booking  was updated partially"/><testcase classname="com.restful.booker.testsuite.BookingCURDTestWithSteps" name="This will delete booking and verify booking is deleted"/></testsuite>