<?xml version="1.0" encoding="UTF-8"?><testsuite errors="1" failures="0" name="com.restful.booker.testsuite.BookingCURDTestWithSteps" skipped="0" tests="1" time="0.2" timestamp="2023-01-04T22:06:31.200Z[Europe/London]"><testcase classname="com.restful.booker.testsuite.BookingCURDTestWithSteps" name="This will update a partial booking "><error type="java.lang.NullPointerException"/><system-err>null&#13;
com.restful.booker.testsuite.BookingCURDTestWithSteps.test005(BookingCURDTestWithSteps.java:85)&#13;
</system-err></testcase></testsuite>